# JRE version: Java(TM) SE Runtime Environment (11.0.2+9) (build 11.0.2+9-LTS)
# Java VM: Java HotSpot(TM) 64-Bit Server VM (11.0.2+9-LTS, mixed mode, tiered, compressed oops, g1 gc, windows-amd64)
Heap:
 garbage-first heap   total 307200K, used 211373K [0x00000000c0000000, 0x0000000100000000)
  region size 1024K, 46 young (47104K), 3 survivors (3072K)
 Metaspace       used 60271K, capacity 63307K, committed 63440K, reserved 1105920K
  class space    used 5932K, capacity 7035K, committed 7040K, reserved 1048576K
GC Heap History (10 events):
Event: 129.537 GC heap before
{Heap before GC invocations=63 (full 0):
 garbage-first heap   total 206848K, used 176718K [0x00000000c0000000, 0x0000000100000000)
  region size 1024K, 32 young (32768K), 4 survivors (4096K)
 Metaspace       used 60271K, capacity 63307K, committed 63440K, reserved 1105920K
  class space    used 5932K, capacity 7035K, committed 7040K, reserved 1048576K
}
Event: 129.576 GC heap after
{Heap after GC invocations=64 (full 0):
 garbage-first heap   total 243712K, used 150189K [0x00000000c0000000, 0x0000000100000000)
  region size 1024K, 3 young (3072K), 3 survivors (3072K)
 Metaspace       used 60271K, capacity 63307K, committed 63440K, reserved 1105920K
  class space    used 5932K, capacity 7035K, committed 7040K, reserved 1048576K
}
Event: 130.150 GC heap before
{Heap before GC invocations=64 (full 0):
 garbage-first heap   total 243712K, used 199341K [0x00000000c0000000, 0x0000000100000000)
  region size 1024K, 51 young (52224K), 3 survivors (3072K)
 Metaspace       used 60271K, capacity 63307K, committed 63440K, reserved 1105920K
  class space    used 5932K, capacity 7035K, committed 7040K, reserved 1048576K
}
Event: 130.189 GC heap after
{Heap after GC invocations=65 (full 0):
 garbage-first heap   total 243712K, used 154966K [0x00000000c0000000, 0x0000000100000000)
  region size 1024K, 7 young (7168K), 7 survivors (7168K)
 Metaspace       used 60271K, capacity 63307K, committed 63440K, reserved 1105920K
  class space    used 5932K, capacity 7035K, committed 7040K, reserved 1048576K
}
Event: 130.664 GC heap before
{Heap before GC invocations=65 (full 0):
 garbage-first heap   total 243712K, used 202070K [0x00000000c0000000, 0x0000000100000000)
  region size 1024K, 53 young (54272K), 7 survivors (7168K)
 Metaspace       used 60271K, capacity 63307K, committed 63440K, reserved 1105920K
  class space    used 5932K, capacity 7035K, committed 7040K, reserved 1048576K
}
Event: 130.719 GC heap after
{Heap after GC invocations=66 (full 0):
 garbage-first heap   total 243712K, used 160226K [0x00000000c0000000, 0x0000000100000000)
  region size 1024K, 5 young (5120K), 5 survivors (5120K)
 Metaspace       used 60271K, capacity 63307K, committed 63440K, reserved 1105920K
  class space    used 5932K, capacity 7035K, committed 7040K, reserved 1048576K
}
Event: 131.067 GC heap before
{Heap before GC invocations=66 (full 0):
 garbage-first heap   total 243712K, used 204258K [0x00000000c0000000, 0x0000000100000000)
  region size 1024K, 49 young (50176K), 5 survivors (5120K)
 Metaspace       used 60271K, capacity 63307K, committed 63440K, reserved 1105920K
  class space    used 5932K, capacity 7035K, committed 7040K, reserved 1048576K
}
Event: 131.101 GC heap after
{Heap after GC invocations=67 (full 0):
 garbage-first heap   total 243712K, used 165376K [0x00000000c0000000, 0x0000000100000000)
  region size 1024K, 5 young (5120K), 5 survivors (5120K)
 Metaspace       used 60271K, capacity 63307K, committed 63440K, reserved 1105920K
  class space    used 5932K, capacity 7035K, committed 7040K, reserved 1048576K
}
Event: 131.317 GC heap before
{Heap before GC invocations=67 (full 0):
 garbage-first heap   total 243712K, used 207360K [0x00000000c0000000, 0x0000000100000000)
  region size 1024K, 46 young (47104K), 5 survivors (5120K)
 Metaspace       used 60271K, capacity 63307K, committed 63440K, reserved 1105920K
  class space    used 5932K, capacity 7035K, committed 7040K, reserved 1048576K
}
Event: 131.350 GC heap after
{Heap after GC invocations=68 (full 0):
 garbage-first heap   total 307200K, used 168365K [0x00000000c0000000, 0x0000000100000000)
  region size 1024K, 3 young (3072K), 3 survivors (3072K)
 Metaspace       used 60271K, capacity 63307K, committed 63440K, reserved 1105920K
  class space    used 5932K, capacity 7035K, committed 7040K, reserved 1048576K
}

